<?xml version="1.0" encoding="UTF-8"?>
<testsuite xmlns:xsi="http://www.w3.org/2001/XMLSchema-instance" xsi:noNamespaceSchemaLocation="https://maven.apache.org/surefire/maven-surefire-plugin/xsd/surefire-test-report.xsd" version="3.0.2" name="com.platform.architecture.HexagonalDomainDependencyTest" time="5.41" tests="1" errors="0" skipped="0" failures="0" flakes="0">
  <properties>
[...]
</properties>
  <testcase name="domain_should_not_depend_on_adapters_or_spring" classname="com.platform.architecture.HexagonalDomainDependencyTest" time="0.161">
    <system-out><![CDATA[2026-04-14T11:30:16.109-04:00  INFO 439003 --- [wave1-backend] [           main] com.tngtech.archunit.core.PluginLoader   : Detected Java version 21.0.10
]]></system-out>
  </testcase>
</testsuite>